<?xml version="1.0" encoding="UTF-8"?>
<TestRun id="c38f1000-286d-4fba-a537-de2ae1d3626d" name="Visar.Elmazi@SKL-VISAR-ELMA1 2015-06-15 13:42:48" runUser="SEAVUS-CORP\Visar.Elmazi" xmlns="http://microsoft.com/schemas/VisualStudio/TeamTest/2010">
  <TestSettings name="Local" id="f1b98136-dbb8-45d0-8178-a717adb7bc24">
    <Description>These are default test settings for a local test run.</Description>
    <Deployment enabled="false" runDeploymentRoot="Visar.Elmazi_SKL-VISAR-ELMA1 2015-06-15 13_42_48">
      <DeploymentItem filename="C:\Users\visar.elmazi\Downloads\QAAutomationSamplev2\QAAutomationSample\packages\SpecFlow.1.9.0\lib\net35\TechTalk.SpecFlow.dll" />
      <DeploymentItem filename="C:\Users\visar.elmazi\Downloads\QAAutomationSamplev2\QAAutomationSample\SeleniumHelper\bin\Debug\Seavus.Framework.SeleniumPageAutomation.dll" />
    </Deployment>
    <Execution>
      <TestTypeSpecific />
      <AgentRule name="Execution Agents">
      </AgentRule>
    </Execution>
  </TestSettings>
  <Times creation="2015-06-15T13:42:48.5736145+02:00" queuing="2015-06-15T13:42:49.0419491+02:00" start="2015-06-15T13:42:49.0789739+02:00" finish="2015-06-15T13:43:04.6492403+02:00" />
  <ResultSummary outcome="Failed">
    <Counters total="6" executed="6" error="0" failed="6" timeout="0" aborted="0" inconclusive="0" passedButRunAborted="0" notRunnable="0" notExecuted="0" disconnected="0" warning="0" passed="0" completed="0" inProgress="0" pending="0" />
  </ResultSummary>
  <TestDefinitions>
    <UnitTest name="MultiplyTwoNumbers" storage="c:\users\visar.elmazi\downloads\qaautomationsamplev2\qaautomationsample\calculatorwebtests\bin\debug\calculatorwebtests.dll" id="f52a664a-b82f-b5a5-67f6-00c23bac0d2a">
      <Description>Multiply two numbers</Description>
      <Execution id="79efb41c-6fa3-48f7-b974-678522ab7bb7" />
      <Properties>
        <Property>
          <Key>FeatureTitle</Key>
          <Value>Calculator</Value>
        </Property>
      </Properties>
      <TestMethod codeBase="C:/Users/visar.elmazi/Downloads/QAAutomationSamplev2/QAAutomationSample/CalculatorWebTests/bin/Debug/CalculatorWebTests.DLL" adapterTypeName="Microsoft.VisualStudio.TestTools.TestTypes.Unit.UnitTestAdapter, Microsoft.VisualStudio.QualityTools.Tips.UnitTest.Adapter, Version=10.0.0.0, Culture=neutral, PublicKeyToken=b03f5f7f11d50a3a" className="CalculatorWebTests.CalculatorFeature, CalculatorWebTests, Version=1.0.0.0, Culture=neutral, PublicKeyToken=null" name="MultiplyTwoNumbers" />
    </UnitTest>
    <UnitTest name="PerformListOfOperations" storage="c:\users\visar.elmazi\downloads\qaautomationsamplev2\qaautomationsample\calculatorwebtests\bin\debug\calculatorwebtests.dll" id="10c32a00-0465-17be-2ae0-155929228565">
      <Description>PerformListOfOperations</Description>
      <Execution id="52e34946-d724-41e8-a875-47aa4e0c1046" />
      <Properties>
        <Property>
          <Key>FeatureTitle</Key>
          <Value>Calculator</Value>
        </Property>
      </Properties>
      <TestMethod codeBase="C:/Users/visar.elmazi/Downloads/QAAutomationSamplev2/QAAutomationSample/CalculatorWebTests/bin/Debug/CalculatorWebTests.DLL" adapterTypeName="Microsoft.VisualStudio.TestTools.TestTypes.Unit.UnitTestAdapter, Microsoft.VisualStudio.QualityTools.Tips.UnitTest.Adapter, Version=10.0.0.0, Culture=neutral, PublicKeyToken=b03f5f7f11d50a3a" className="CalculatorWebTests.CalculatorFeature, CalculatorWebTests, Version=1.0.0.0, Culture=neutral, PublicKeyToken=null" name="PerformListOfOperations" />
    </UnitTest>
    <UnitTest name="PerformSetOfOperations" storage="c:\users\visar.elmazi\downloads\qaautomationsamplev2\qaautomationsample\calculatorwebtests\bin\debug\calculatorwebtests.dll" id="e74dee76-1004-6655-697d-b296c6102100">
      <Description>PerformSetOfOperations</Description>
      <Execution id="ca1b5438-9ddc-4d1e-9bd3-8f5fb110436d" />
      <Properties>
        <Property>
          <Key>FeatureTitle</Key>
          <Value>Calculator</Value>
        </Property>
      </Properties>
      <TestMethod codeBase="C:/Users/visar.elmazi/Downloads/QAAutomationSamplev2/QAAutomationSample/CalculatorWebTests/bin/Debug/CalculatorWebTests.DLL" adapterTypeName="Microsoft.VisualStudio.TestTools.TestTypes.Unit.UnitTestAdapter, Microsoft.VisualStudio.QualityTools.Tips.UnitTest.Adapter, Version=10.0.0.0, Culture=neutral, PublicKeyToken=b03f5f7f11d50a3a" className="CalculatorWebTests.CalculatorFeature, CalculatorWebTests, Version=1.0.0.0, Culture=neutral, PublicKeyToken=null" name="PerformSetOfOperations" />
    </UnitTest>
    <UnitTest name="SubstractTwoNumbers" storage="c:\users\visar.elmazi\downloads\qaautomationsamplev2\qaautomationsample\calculatorwebtests\bin\debug\calculatorwebtests.dll" id="63f9fb13-8618-1764-fc21-d9118ddedef5">
      <Description>Substract two numbers</Description>
      <Execution id="018f5afd-54d6-47c8-a43a-fd1b2453d136" />
      <Properties>
        <Property>
          <Key>FeatureTitle</Key>
          <Value>Calculator</Value>
        </Property>
      </Properties>
      <TestMethod codeBase="C:/Users/visar.elmazi/Downloads/QAAutomationSamplev2/QAAutomationSample/CalculatorWebTests/bin/Debug/CalculatorWebTests.DLL" adapterTypeName="Microsoft.VisualStudio.TestTools.TestTypes.Unit.UnitTestAdapter, Microsoft.VisualStudio.QualityTools.Tips.UnitTest.Adapter, Version=10.0.0.0, Culture=neutral, PublicKeyToken=b03f5f7f11d50a3a" className="CalculatorWebTests.CalculatorFeature, CalculatorWebTests, Version=1.0.0.0, Culture=neutral, PublicKeyToken=null" name="SubstractTwoNumbers" />
    </UnitTest>
    <UnitTest name="AddTwoNumbers" storage="c:\users\visar.elmazi\downloads\qaautomationsamplev2\qaautomationsample\calculatorwebtests\bin\debug\calculatorwebtests.dll" id="f71858f3-f563-da6e-2eab-ae1f309c3f5b">
      <Description>Add two numbers</Description>
      <Execution id="086f7a80-66ab-4546-92dd-39ba2ad76ad4" />
      <Properties>
        <Property>
          <Key>FeatureTitle</Key>
          <Value>Calculator</Value>
        </Property>
      </Properties>
      <TestMethod codeBase="C:/Users/visar.elmazi/Downloads/QAAutomationSamplev2/QAAutomationSample/CalculatorWebTests/bin/Debug/CalculatorWebTests.DLL" adapterTypeName="Microsoft.VisualStudio.TestTools.TestTypes.Unit.UnitTestAdapter, Microsoft.VisualStudio.QualityTools.Tips.UnitTest.Adapter, Version=10.0.0.0, Culture=neutral, PublicKeyToken=b03f5f7f11d50a3a" className="CalculatorWebTests.CalculatorFeature, CalculatorWebTests, Version=1.0.0.0, Culture=neutral, PublicKeyToken=null" name="AddTwoNumbers" />
    </UnitTest>
    <UnitTest name="DivideTwoNumbers" storage="c:\users\visar.elmazi\downloads\qaautomationsamplev2\qaautomationsample\calculatorwebtests\bin\debug\calculatorwebtests.dll" id="a5d29b20-071c-7dd7-33ce-54f58c98b8a5">
      <Description>Divide two numbers</Description>
      <Execution id="347c8298-21e3-47b4-89c0-96cdfb7f3338" />
      <Properties>
        <Property>
          <Key>FeatureTitle</Key>
          <Value>Calculator</Value>
        </Property>
      </Properties>
      <TestMethod codeBase="C:/Users/visar.elmazi/Downloads/QAAutomationSamplev2/QAAutomationSample/CalculatorWebTests/bin/Debug/CalculatorWebTests.DLL" adapterTypeName="Microsoft.VisualStudio.TestTools.TestTypes.Unit.UnitTestAdapter, Microsoft.VisualStudio.QualityTools.Tips.UnitTest.Adapter, Version=10.0.0.0, Culture=neutral, PublicKeyToken=b03f5f7f11d50a3a" className="CalculatorWebTests.CalculatorFeature, CalculatorWebTests, Version=1.0.0.0, Culture=neutral, PublicKeyToken=null" name="DivideTwoNumbers" />
    </UnitTest>
  </TestDefinitions>
  <TestLists>
    <TestList name="Results Not in a List" id="8c84fa94-04c1-424b-9868-57a2d4851a1d" />
    <TestList name="All Loaded Results" id="19431567-8539-422a-85d7-44ee4e166bda" />
  </TestLists>
  <TestEntries>
    <TestEntry testId="10c32a00-0465-17be-2ae0-155929228565" executionId="52e34946-d724-41e8-a875-47aa4e0c1046" testListId="8c84fa94-04c1-424b-9868-57a2d4851a1d" />
    <TestEntry testId="63f9fb13-8618-1764-fc21-d9118ddedef5" executionId="018f5afd-54d6-47c8-a43a-fd1b2453d136" testListId="8c84fa94-04c1-424b-9868-57a2d4851a1d" />
    <TestEntry testId="a5d29b20-071c-7dd7-33ce-54f58c98b8a5" executionId="347c8298-21e3-47b4-89c0-96cdfb7f3338" testListId="8c84fa94-04c1-424b-9868-57a2d4851a1d" />
    <TestEntry testId="e74dee76-1004-6655-697d-b296c6102100" executionId="ca1b5438-9ddc-4d1e-9bd3-8f5fb110436d" testListId="8c84fa94-04c1-424b-9868-57a2d4851a1d" />
    <TestEntry testId="f52a664a-b82f-b5a5-67f6-00c23bac0d2a" executionId="79efb41c-6fa3-48f7-b974-678522ab7bb7" testListId="8c84fa94-04c1-424b-9868-57a2d4851a1d" />
    <TestEntry testId="f71858f3-f563-da6e-2eab-ae1f309c3f5b" executionId="086f7a80-66ab-4546-92dd-39ba2ad76ad4" testListId="8c84fa94-04c1-424b-9868-57a2d4851a1d" />
  </TestEntries>
  <Results>
    <UnitTestResult executionId="52e34946-d724-41e8-a875-47aa4e0c1046" testId="10c32a00-0465-17be-2ae0-155929228565" testName="PerformListOfOperations" computerName="SKL-VISAR-ELMA1" duration="00:00:09.9862801" startTime="2015-06-15T13:42:49.1180033+02:00" endTime="2015-06-15T13:42:59.4219222+02:00" testType="13cdc9d9-ddb5-4fa4-a97d-d965ccfc6d4b" outcome="Failed" testListId="8c84fa94-04c1-424b-9868-57a2d4851a1d" relativeResultsDirectory="52e34946-d724-41e8-a875-47aa4e0c1046">
      <Output>
        <StdOut>Given I open calculator
-&gt; done: CalculatorSteps.GivenIOpenCalculator() (9.9s)
When Calculate
  --- table step argument ---
  | a    | op | b    | equals |
  | 5.33 | +  | 4.67 | 10.0   |
  | 3.33 | x  | 3.00 | 9.99   |
  | 3.33 | x  | 3.00 | 9.99   |
  | 3.33 | x  | 3.00 | 9.99   |
  | 3.33 | x  | 3.00 | 9.99   |
  | 3.33 | x  | 3.00 | 9.99   |
  | 3.33 | x  | 3.00 | 9.99   |
  | 3.33 | x  | 3.00 | 9.99   |
  | 3.33 | x  | 3.00 | 9.99   |
-&gt; error: no such element
  (Session info: chrome=43.0.2357.124)
  (Driver info: chromedriver=2.9.248315,platform=Windows NT 6.3 x86_64)</StdOut>
        <ErrorInfo>
          <Message>Test method CalculatorWebTests.CalculatorFeature.PerformListOfOperations threw exception: 
OpenQA.Selenium.NoSuchElementException: no such element
  (Session info: chrome=43.0.2357.124)
  (Driver info: chromedriver=2.9.248315,platform=Windows NT 6.3 x86_64)</Message>
          <StackTrace>    at OpenQA.Selenium.Remote.RemoteWebDriver.UnpackAndThrowOnError(Response errorResponse)
   at OpenQA.Selenium.Remote.RemoteWebDriver.Execute(String driverCommandToExecute, Dictionary`2 parameters)
   at OpenQA.Selenium.Remote.RemoteWebDriver.FindElement(String mechanism, String value)
   at OpenQA.Selenium.Remote.RemoteWebDriver.FindElementByXPath(String xpath)
   at OpenQA.Selenium.By.&lt;&gt;c__DisplayClasse.&lt;XPath&gt;b__c(ISearchContext context)
   at OpenQA.Selenium.By.FindElement(ISearchContext context)
   at OpenQA.Selenium.Remote.RemoteWebDriver.FindElement(By by)
   at Seavus.Framework.SeleniumPageAutomation.PageObject.FindElementBy(String query, FindBy findBy) in C:\Users\visar.elmazi\Downloads\QAAutomationSamplev2\QAAutomationSample\SeleniumHelper\PageObject.cs:line 92
   at Seavus.Framework.SeleniumPageAutomation.PageObject.&lt;&gt;c__DisplayClass3.&lt;.ctor&gt;b__1(String str) in C:\Users\visar.elmazi\Downloads\QAAutomationSamplev2\QAAutomationSample\SeleniumHelper\PageObject.cs:line 60
   at Seavus.Framework.SeleniumPageAutomation.PageObject.Find(String name) in C:\Users\visar.elmazi\Downloads\QAAutomationSamplev2\QAAutomationSample\SeleniumHelper\PageObject.cs:line 130
   at Seavus.Framework.SeleniumPageAutomation.PageObject.Click(String name) in C:\Users\visar.elmazi\Downloads\QAAutomationSamplev2\QAAutomationSample\SeleniumHelper\PageObject.cs:line 137
   at CalculatorWebTests.CalculatorSteps.WhenIPress(String p0) in C:\Users\visar.elmazi\Downloads\QAAutomationSamplev2\QAAutomationSample\CalculatorWebTests\CalculatorSteps.cs:line 37
   at CalculatorWebTests.CalculatorSteps.WhenCalculate(Table table) in C:\Users\visar.elmazi\Downloads\QAAutomationSamplev2\QAAutomationSample\CalculatorWebTests\CalculatorSteps.cs:line 45
   at lambda_method(Closure , IContextManager , Table )
   at TechTalk.SpecFlow.Bindings.BindingInvoker.InvokeBinding(IBinding binding, IContextManager contextManager, Object[] arguments, ITestTracer testTracer, TimeSpan&amp; duration)
   at TechTalk.SpecFlow.Infrastructure.TestExecutionEngine.ExecuteStepMatch(BindingMatch match, Object[] arguments)
   at TechTalk.SpecFlow.Infrastructure.TestExecutionEngine.ExecuteStep(StepInstance stepInstance)
   at TechTalk.SpecFlow.Infrastructure.TestExecutionEngine.OnAfterLastStep()
   at TechTalk.SpecFlow.TestRunner.CollectScenarioErrors()
   at CalculatorWebTests.CalculatorFeature.ScenarioCleanup() in C:\Users\visar.elmazi\Downloads\QAAutomationSamplev2\QAAutomationSample\CalculatorWebTests\Calculator.feature.cs:line 0
   at CalculatorWebTests.CalculatorFeature.PerformListOfOperations() in c:\Users\visar.elmazi\Downloads\QAAutomationSamplev2\QAAutomationSample\CalculatorWebTests\Calculator.feature:line 38
</StackTrace>
        </ErrorInfo>
      </Output>
    </UnitTestResult>
    <UnitTestResult executionId="018f5afd-54d6-47c8-a43a-fd1b2453d136" testId="63f9fb13-8618-1764-fc21-d9118ddedef5" testName="SubstractTwoNumbers" computerName="SKL-VISAR-ELMA1" duration="00:00:00.3589431" startTime="2015-06-15T13:42:59.4229139+02:00" endTime="2015-06-15T13:42:59.7848469+02:00" testType="13cdc9d9-ddb5-4fa4-a97d-d965ccfc6d4b" outcome="Failed" testListId="8c84fa94-04c1-424b-9868-57a2d4851a1d" relativeResultsDirectory="018f5afd-54d6-47c8-a43a-fd1b2453d136">
      <Output>
        <StdOut>Given I open calculator
-&gt; done: CalculatorSteps.GivenIOpenCalculator() (0.3s)
When I enter 80.44
-&gt; error: no such element
  (Session info: chrome=43.0.2357.124)
  (Driver info: chromedriver=2.9.248315,platform=Windows NT 6.3 x86_64)
And I press "-"
-&gt; skipped because of previous errors
And I enter 70.33
-&gt; skipped because of previous errors
And I press "="
-&gt; skipped because of previous errors
Then the result should be 10.11
-&gt; skipped because of previous errors</StdOut>
        <ErrorInfo>
          <Message>Test method CalculatorWebTests.CalculatorFeature.SubstractTwoNumbers threw exception: 
OpenQA.Selenium.NoSuchElementException: no such element
  (Session info: chrome=43.0.2357.124)
  (Driver info: chromedriver=2.9.248315,platform=Windows NT 6.3 x86_64)</Message>
          <StackTrace>    at OpenQA.Selenium.Remote.RemoteWebDriver.UnpackAndThrowOnError(Response errorResponse)
   at OpenQA.Selenium.Remote.RemoteWebDriver.Execute(String driverCommandToExecute, Dictionary`2 parameters)
   at OpenQA.Selenium.Remote.RemoteWebDriver.FindElement(String mechanism, String value)
   at OpenQA.Selenium.Remote.RemoteWebDriver.FindElementByXPath(String xpath)
   at OpenQA.Selenium.By.&lt;&gt;c__DisplayClasse.&lt;XPath&gt;b__c(ISearchContext context)
   at OpenQA.Selenium.By.FindElement(ISearchContext context)
   at OpenQA.Selenium.Remote.RemoteWebDriver.FindElement(By by)
   at Seavus.Framework.SeleniumPageAutomation.PageObject.FindElementBy(String query, FindBy findBy) in C:\Users\visar.elmazi\Downloads\QAAutomationSamplev2\QAAutomationSample\SeleniumHelper\PageObject.cs:line 92
   at Seavus.Framework.SeleniumPageAutomation.PageObject.&lt;&gt;c__DisplayClass3.&lt;.ctor&gt;b__1(String str) in C:\Users\visar.elmazi\Downloads\QAAutomationSamplev2\QAAutomationSample\SeleniumHelper\PageObject.cs:line 60
   at Seavus.Framework.SeleniumPageAutomation.PageObject.Find(String name) in C:\Users\visar.elmazi\Downloads\QAAutomationSamplev2\QAAutomationSample\SeleniumHelper\PageObject.cs:line 130
   at Seavus.Framework.SeleniumPageAutomation.PageObject.Click(String name) in C:\Users\visar.elmazi\Downloads\QAAutomationSamplev2\QAAutomationSample\SeleniumHelper\PageObject.cs:line 137
   at CalculatorWebTests.CalculatorSteps.WhenIEnter(Double p0) in C:\Users\visar.elmazi\Downloads\QAAutomationSamplev2\QAAutomationSample\CalculatorWebTests\CalculatorSteps.cs:line 30
   at lambda_method(Closure , IContextManager , Double )
   at TechTalk.SpecFlow.Bindings.BindingInvoker.InvokeBinding(IBinding binding, IContextManager contextManager, Object[] arguments, ITestTracer testTracer, TimeSpan&amp; duration)
   at TechTalk.SpecFlow.Infrastructure.TestExecutionEngine.ExecuteStepMatch(BindingMatch match, Object[] arguments)
   at TechTalk.SpecFlow.Infrastructure.TestExecutionEngine.ExecuteStep(StepInstance stepInstance)
   at TechTalk.SpecFlow.Infrastructure.TestExecutionEngine.OnAfterLastStep()
   at TechTalk.SpecFlow.TestRunner.CollectScenarioErrors()
   at CalculatorWebTests.CalculatorFeature.ScenarioCleanup() in C:\Users\visar.elmazi\Downloads\QAAutomationSamplev2\QAAutomationSample\CalculatorWebTests\Calculator.feature.cs:line 0
   at CalculatorWebTests.CalculatorFeature.SubstractTwoNumbers() in c:\Users\visar.elmazi\Downloads\QAAutomationSamplev2\QAAutomationSample\CalculatorWebTests\Calculator.feature:line 18
</StackTrace>
        </ErrorInfo>
      </Output>
    </UnitTestResult>
    <UnitTestResult executionId="347c8298-21e3-47b4-89c0-96cdfb7f3338" testId="a5d29b20-071c-7dd7-33ce-54f58c98b8a5" testName="DivideTwoNumbers" computerName="SKL-VISAR-ELMA1" duration="00:00:01.7194909" startTime="2015-06-15T13:42:59.7868480+02:00" endTime="2015-06-15T13:43:01.5089708+02:00" testType="13cdc9d9-ddb5-4fa4-a97d-d965ccfc6d4b" outcome="Failed" testListId="8c84fa94-04c1-424b-9868-57a2d4851a1d" relativeResultsDirectory="347c8298-21e3-47b4-89c0-96cdfb7f3338">
      <Output>
        <StdOut>Given I open calculator
-&gt; done: CalculatorSteps.GivenIOpenCalculator() (1.7s)
When I enter 50.22
-&gt; error: no such window: target window already closed
from unknown error: web view not found
  (Session info: chrome=43.0.2357.124)
  (Driver info: chromedriver=2.9.248315,platform=Windows NT 6.3 x86_64)
And I press "/"
-&gt; skipped because of previous errors
And I enter 7.33
-&gt; skipped because of previous errors
And I press "="
-&gt; skipped because of previous errors
Then the result should be 6.85
-&gt; skipped because of previous errors</StdOut>
        <ErrorInfo>
          <Message>Test method CalculatorWebTests.CalculatorFeature.DivideTwoNumbers threw exception: 
OpenQA.Selenium.NoSuchWindowException: no such window: target window already closed
from unknown error: web view not found
  (Session info: chrome=43.0.2357.124)
  (Driver info: chromedriver=2.9.248315,platform=Windows NT 6.3 x86_64)</Message>
          <StackTrace>    at OpenQA.Selenium.Remote.RemoteWebDriver.UnpackAndThrowOnError(Response errorResponse)
   at OpenQA.Selenium.Remote.RemoteWebDriver.Execute(String driverCommandToExecute, Dictionary`2 parameters)
   at OpenQA.Selenium.Remote.RemoteWebDriver.FindElement(String mechanism, String value)
   at OpenQA.Selenium.Remote.RemoteWebDriver.FindElementByXPath(String xpath)
   at OpenQA.Selenium.By.&lt;&gt;c__DisplayClasse.&lt;XPath&gt;b__c(ISearchContext context)
   at OpenQA.Selenium.By.FindElement(ISearchContext context)
   at OpenQA.Selenium.Remote.RemoteWebDriver.FindElement(By by)
   at Seavus.Framework.SeleniumPageAutomation.PageObject.FindElementBy(String query, FindBy findBy) in C:\Users\visar.elmazi\Downloads\QAAutomationSamplev2\QAAutomationSample\SeleniumHelper\PageObject.cs:line 92
   at Seavus.Framework.SeleniumPageAutomation.PageObject.&lt;&gt;c__DisplayClass3.&lt;.ctor&gt;b__1(String str) in C:\Users\visar.elmazi\Downloads\QAAutomationSamplev2\QAAutomationSample\SeleniumHelper\PageObject.cs:line 60
   at Seavus.Framework.SeleniumPageAutomation.PageObject.Find(String name) in C:\Users\visar.elmazi\Downloads\QAAutomationSamplev2\QAAutomationSample\SeleniumHelper\PageObject.cs:line 130
   at Seavus.Framework.SeleniumPageAutomation.PageObject.Click(String name) in C:\Users\visar.elmazi\Downloads\QAAutomationSamplev2\QAAutomationSample\SeleniumHelper\PageObject.cs:line 137
   at CalculatorWebTests.CalculatorSteps.WhenIEnter(Double p0) in C:\Users\visar.elmazi\Downloads\QAAutomationSamplev2\QAAutomationSample\CalculatorWebTests\CalculatorSteps.cs:line 30
   at lambda_method(Closure , IContextManager , Double )
   at TechTalk.SpecFlow.Bindings.BindingInvoker.InvokeBinding(IBinding binding, IContextManager contextManager, Object[] arguments, ITestTracer testTracer, TimeSpan&amp; duration)
   at TechTalk.SpecFlow.Infrastructure.TestExecutionEngine.ExecuteStepMatch(BindingMatch match, Object[] arguments)
   at TechTalk.SpecFlow.Infrastructure.TestExecutionEngine.ExecuteStep(StepInstance stepInstance)
   at TechTalk.SpecFlow.Infrastructure.TestExecutionEngine.OnAfterLastStep()
   at TechTalk.SpecFlow.TestRunner.CollectScenarioErrors()
   at CalculatorWebTests.CalculatorFeature.ScenarioCleanup() in C:\Users\visar.elmazi\Downloads\QAAutomationSamplev2\QAAutomationSample\CalculatorWebTests\Calculator.feature.cs:line 0
   at CalculatorWebTests.CalculatorFeature.DivideTwoNumbers() in c:\Users\visar.elmazi\Downloads\QAAutomationSamplev2\QAAutomationSample\CalculatorWebTests\Calculator.feature:line 34
</StackTrace>
        </ErrorInfo>
      </Output>
    </UnitTestResult>
    <UnitTestResult executionId="ca1b5438-9ddc-4d1e-9bd3-8f5fb110436d" testId="e74dee76-1004-6655-697d-b296c6102100" testName="PerformSetOfOperations" computerName="SKL-VISAR-ELMA1" duration="00:00:00.0085342" startTime="2015-06-15T13:43:01.5139736+02:00" endTime="2015-06-15T13:43:01.5279836+02:00" testType="13cdc9d9-ddb5-4fa4-a97d-d965ccfc6d4b" outcome="Failed" testListId="8c84fa94-04c1-424b-9868-57a2d4851a1d" relativeResultsDirectory="ca1b5438-9ddc-4d1e-9bd3-8f5fb110436d">
      <Output>
        <StdOut>Given I open calculator
-&gt; done: CalculatorSteps.GivenIOpenCalculator() (0.0s)
When I execute "5+3x4-2x3.33="
-&gt; error: no such window: target window already closed
from unknown error: web view not found
  (Session info: chrome=43.0.2357.124)
  (Driver info: chromedriver=2.9.248315,platform=Windows NT 6.3 x86_64)
Then the result should be 99.9
-&gt; skipped because of previous errors</StdOut>
        <ErrorInfo>
          <Message>Test method CalculatorWebTests.CalculatorFeature.PerformSetOfOperations threw exception: 
OpenQA.Selenium.NoSuchWindowException: no such window: target window already closed
from unknown error: web view not found
  (Session info: chrome=43.0.2357.124)
  (Driver info: chromedriver=2.9.248315,platform=Windows NT 6.3 x86_64)</Message>
          <StackTrace>    at OpenQA.Selenium.Remote.RemoteWebDriver.UnpackAndThrowOnError(Response errorResponse)
   at OpenQA.Selenium.Remote.RemoteWebDriver.Execute(String driverCommandToExecute, Dictionary`2 parameters)
   at OpenQA.Selenium.Remote.RemoteWebDriver.FindElement(String mechanism, String value)
   at OpenQA.Selenium.Remote.RemoteWebDriver.FindElementByXPath(String xpath)
   at OpenQA.Selenium.By.&lt;&gt;c__DisplayClasse.&lt;XPath&gt;b__c(ISearchContext context)
   at OpenQA.Selenium.By.FindElement(ISearchContext context)
   at OpenQA.Selenium.Remote.RemoteWebDriver.FindElement(By by)
   at Seavus.Framework.SeleniumPageAutomation.PageObject.FindElementBy(String query, FindBy findBy) in C:\Users\visar.elmazi\Downloads\QAAutomationSamplev2\QAAutomationSample\SeleniumHelper\PageObject.cs:line 92
   at Seavus.Framework.SeleniumPageAutomation.PageObject.&lt;&gt;c__DisplayClass3.&lt;.ctor&gt;b__1(String str) in C:\Users\visar.elmazi\Downloads\QAAutomationSamplev2\QAAutomationSample\SeleniumHelper\PageObject.cs:line 60
   at Seavus.Framework.SeleniumPageAutomation.PageObject.Find(String name) in C:\Users\visar.elmazi\Downloads\QAAutomationSamplev2\QAAutomationSample\SeleniumHelper\PageObject.cs:line 130
   at Seavus.Framework.SeleniumPageAutomation.PageObject.Click(String name) in C:\Users\visar.elmazi\Downloads\QAAutomationSamplev2\QAAutomationSample\SeleniumHelper\PageObject.cs:line 137
   at CalculatorWebTests.CalculatorSteps.WhenIExecute(String p0) in C:\Users\visar.elmazi\Downloads\QAAutomationSamplev2\QAAutomationSample\CalculatorWebTests\CalculatorSteps.cs:line 76
   at lambda_method(Closure , IContextManager , String )
   at TechTalk.SpecFlow.Bindings.BindingInvoker.InvokeBinding(IBinding binding, IContextManager contextManager, Object[] arguments, ITestTracer testTracer, TimeSpan&amp; duration)
   at TechTalk.SpecFlow.Infrastructure.TestExecutionEngine.ExecuteStepMatch(BindingMatch match, Object[] arguments)
   at TechTalk.SpecFlow.Infrastructure.TestExecutionEngine.ExecuteStep(StepInstance stepInstance)
   at TechTalk.SpecFlow.Infrastructure.TestExecutionEngine.OnAfterLastStep()
   at TechTalk.SpecFlow.TestRunner.CollectScenarioErrors()
   at CalculatorWebTests.CalculatorFeature.ScenarioCleanup() in C:\Users\visar.elmazi\Downloads\QAAutomationSamplev2\QAAutomationSample\CalculatorWebTests\Calculator.feature.cs:line 0
   at CalculatorWebTests.CalculatorFeature.PerformSetOfOperations() in c:\Users\visar.elmazi\Downloads\QAAutomationSamplev2\QAAutomationSample\CalculatorWebTests\Calculator.feature:line 55
</StackTrace>
        </ErrorInfo>
      </Output>
    </UnitTestResult>
    <UnitTestResult executionId="79efb41c-6fa3-48f7-b974-678522ab7bb7" testId="f52a664a-b82f-b5a5-67f6-00c23bac0d2a" testName="MultiplyTwoNumbers" computerName="SKL-VISAR-ELMA1" duration="00:00:00.0183973" startTime="2015-06-15T13:43:01.5429938+02:00" endTime="2015-06-15T13:43:01.5740159+02:00" testType="13cdc9d9-ddb5-4fa4-a97d-d965ccfc6d4b" outcome="Failed" testListId="8c84fa94-04c1-424b-9868-57a2d4851a1d" relativeResultsDirectory="79efb41c-6fa3-48f7-b974-678522ab7bb7">
      <Output>
        <StdOut>Given I open calculator
-&gt; done: CalculatorSteps.GivenIOpenCalculator() (0.0s)
When I enter 5.55
-&gt; error: no such window: target window already closed
from unknown error: web view not found
  (Session info: chrome=43.0.2357.124)
  (Driver info: chromedriver=2.9.248315,platform=Windows NT 6.3 x86_64)
And I press "x"
-&gt; skipped because of previous errors
And I enter 2.0
-&gt; skipped because of previous errors
And I press "="
-&gt; skipped because of previous errors
Then the result should be 11.10
-&gt; skipped because of previous errors</StdOut>
        <ErrorInfo>
          <Message>Test method CalculatorWebTests.CalculatorFeature.MultiplyTwoNumbers threw exception: 
OpenQA.Selenium.NoSuchWindowException: no such window: target window already closed
from unknown error: web view not found
  (Session info: chrome=43.0.2357.124)
  (Driver info: chromedriver=2.9.248315,platform=Windows NT 6.3 x86_64)</Message>
          <StackTrace>    at OpenQA.Selenium.Remote.RemoteWebDriver.UnpackAndThrowOnError(Response errorResponse)
   at OpenQA.Selenium.Remote.RemoteWebDriver.Execute(String driverCommandToExecute, Dictionary`2 parameters)
   at OpenQA.Selenium.Remote.RemoteWebDriver.FindElement(String mechanism, String value)
   at OpenQA.Selenium.Remote.RemoteWebDriver.FindElementByXPath(String xpath)
   at OpenQA.Selenium.By.&lt;&gt;c__DisplayClasse.&lt;XPath&gt;b__c(ISearchContext context)
   at OpenQA.Selenium.By.FindElement(ISearchContext context)
   at OpenQA.Selenium.Remote.RemoteWebDriver.FindElement(By by)
   at Seavus.Framework.SeleniumPageAutomation.PageObject.FindElementBy(String query, FindBy findBy) in C:\Users\visar.elmazi\Downloads\QAAutomationSamplev2\QAAutomationSample\SeleniumHelper\PageObject.cs:line 92
   at Seavus.Framework.SeleniumPageAutomation.PageObject.&lt;&gt;c__DisplayClass3.&lt;.ctor&gt;b__1(String str) in C:\Users\visar.elmazi\Downloads\QAAutomationSamplev2\QAAutomationSample\SeleniumHelper\PageObject.cs:line 60
   at Seavus.Framework.SeleniumPageAutomation.PageObject.Find(String name) in C:\Users\visar.elmazi\Downloads\QAAutomationSamplev2\QAAutomationSample\SeleniumHelper\PageObject.cs:line 130
   at Seavus.Framework.SeleniumPageAutomation.PageObject.Click(String name) in C:\Users\visar.elmazi\Downloads\QAAutomationSamplev2\QAAutomationSample\SeleniumHelper\PageObject.cs:line 137
   at CalculatorWebTests.CalculatorSteps.WhenIEnter(Double p0) in C:\Users\visar.elmazi\Downloads\QAAutomationSamplev2\QAAutomationSample\CalculatorWebTests\CalculatorSteps.cs:line 30
   at lambda_method(Closure , IContextManager , Double )
   at TechTalk.SpecFlow.Bindings.BindingInvoker.InvokeBinding(IBinding binding, IContextManager contextManager, Object[] arguments, ITestTracer testTracer, TimeSpan&amp; duration)
   at TechTalk.SpecFlow.Infrastructure.TestExecutionEngine.ExecuteStepMatch(BindingMatch match, Object[] arguments)
   at TechTalk.SpecFlow.Infrastructure.TestExecutionEngine.ExecuteStep(StepInstance stepInstance)
   at TechTalk.SpecFlow.Infrastructure.TestExecutionEngine.OnAfterLastStep()
   at TechTalk.SpecFlow.TestRunner.CollectScenarioErrors()
   at CalculatorWebTests.CalculatorFeature.ScenarioCleanup() in C:\Users\visar.elmazi\Downloads\QAAutomationSamplev2\QAAutomationSample\CalculatorWebTests\Calculator.feature.cs:line 0
   at CalculatorWebTests.CalculatorFeature.MultiplyTwoNumbers() in c:\Users\visar.elmazi\Downloads\QAAutomationSamplev2\QAAutomationSample\CalculatorWebTests\Calculator.feature:line 26
</StackTrace>
        </ErrorInfo>
      </Output>
    </UnitTestResult>
    <UnitTestResult executionId="086f7a80-66ab-4546-92dd-39ba2ad76ad4" testId="f71858f3-f563-da6e-2eab-ae1f309c3f5b" testName="AddTwoNumbers" computerName="SKL-VISAR-ELMA1" duration="00:00:00.0119197" startTime="2015-06-15T13:43:01.5900273+02:00" endTime="2015-06-15T13:43:01.6090413+02:00" testType="13cdc9d9-ddb5-4fa4-a97d-d965ccfc6d4b" outcome="Failed" testListId="8c84fa94-04c1-424b-9868-57a2d4851a1d" relativeResultsDirectory="086f7a80-66ab-4546-92dd-39ba2ad76ad4">
      <Output>
        <StdOut>Given I open calculator
-&gt; done: CalculatorSteps.GivenIOpenCalculator() (0.0s)
When I enter 50.22
-&gt; error: no such window: target window already closed
from unknown error: web view not found
  (Session info: chrome=43.0.2357.124)
  (Driver info: chromedriver=2.9.248315,platform=Windows NT 6.3 x86_64)
And I press "+"
-&gt; skipped because of previous errors
And I enter 70.33
-&gt; skipped because of previous errors
And I press "="
-&gt; skipped because of previous errors
Then the result should be 120.55
-&gt; skipped because of previous errors</StdOut>
        <ErrorInfo>
          <Message>Test method CalculatorWebTests.CalculatorFeature.AddTwoNumbers threw exception: 
OpenQA.Selenium.NoSuchWindowException: no such window: target window already closed
from unknown error: web view not found
  (Session info: chrome=43.0.2357.124)
  (Driver info: chromedriver=2.9.248315,platform=Windows NT 6.3 x86_64)</Message>
          <StackTrace>    at OpenQA.Selenium.Remote.RemoteWebDriver.UnpackAndThrowOnError(Response errorResponse)
   at OpenQA.Selenium.Remote.RemoteWebDriver.Execute(String driverCommandToExecute, Dictionary`2 parameters)
   at OpenQA.Selenium.Remote.RemoteWebDriver.FindElement(String mechanism, String value)
   at OpenQA.Selenium.Remote.RemoteWebDriver.FindElementByXPath(String xpath)
   at OpenQA.Selenium.By.&lt;&gt;c__DisplayClasse.&lt;XPath&gt;b__c(ISearchContext context)
   at OpenQA.Selenium.By.FindElement(ISearchContext context)
   at OpenQA.Selenium.Remote.RemoteWebDriver.FindElement(By by)
   at Seavus.Framework.SeleniumPageAutomation.PageObject.FindElementBy(String query, FindBy findBy) in C:\Users\visar.elmazi\Downloads\QAAutomationSamplev2\QAAutomationSample\SeleniumHelper\PageObject.cs:line 92
   at Seavus.Framework.SeleniumPageAutomation.PageObject.&lt;&gt;c__DisplayClass3.&lt;.ctor&gt;b__1(String str) in C:\Users\visar.elmazi\Downloads\QAAutomationSamplev2\QAAutomationSample\SeleniumHelper\PageObject.cs:line 60
   at Seavus.Framework.SeleniumPageAutomation.PageObject.Find(String name) in C:\Users\visar.elmazi\Downloads\QAAutomationSamplev2\QAAutomationSample\SeleniumHelper\PageObject.cs:line 130
   at Seavus.Framework.SeleniumPageAutomation.PageObject.Click(String name) in C:\Users\visar.elmazi\Downloads\QAAutomationSamplev2\QAAutomationSample\SeleniumHelper\PageObject.cs:line 137
   at CalculatorWebTests.CalculatorSteps.WhenIEnter(Double p0) in C:\Users\visar.elmazi\Downloads\QAAutomationSamplev2\QAAutomationSample\CalculatorWebTests\CalculatorSteps.cs:line 30
   at lambda_method(Closure , IContextManager , Double )
   at TechTalk.SpecFlow.Bindings.BindingInvoker.InvokeBinding(IBinding binding, IContextManager contextManager, Object[] arguments, ITestTracer testTracer, TimeSpan&amp; duration)
   at TechTalk.SpecFlow.Infrastructure.TestExecutionEngine.ExecuteStepMatch(BindingMatch match, Object[] arguments)
   at TechTalk.SpecFlow.Infrastructure.TestExecutionEngine.ExecuteStep(StepInstance stepInstance)
   at TechTalk.SpecFlow.Infrastructure.TestExecutionEngine.OnAfterLastStep()
   at TechTalk.SpecFlow.TestRunner.CollectScenarioErrors()
   at CalculatorWebTests.CalculatorFeature.ScenarioCleanup() in C:\Users\visar.elmazi\Downloads\QAAutomationSamplev2\QAAutomationSample\CalculatorWebTests\Calculator.feature.cs:line 0
   at CalculatorWebTests.CalculatorFeature.AddTwoNumbers() in c:\Users\visar.elmazi\Downloads\QAAutomationSamplev2\QAAutomationSample\CalculatorWebTests\Calculator.feature:line 10
</StackTrace>
        </ErrorInfo>
      </Output>
    </UnitTestResult>
  </Results>
</TestRun>